[07-Feb-2018 23:06:20 UTC] PHP Parse error:  syntax error, unexpected '{', expecting '(' in /home/ubuntu/workspace/dquezada-munoz/Practice1/randomColor.php on line 4
[07-Feb-2018 23:20:11 UTC] PHP Fatal error:  Call to undefined function randomCard() in /home/ubuntu/workspace/dquezada-munoz/Challenge2/challenge.php on line 62
[07-Feb-2018 23:20:11 UTC] PHP Stack trace:
[07-Feb-2018 23:20:11 UTC] PHP   1. {main}() /home/ubuntu/workspace/dquezada-munoz/Challenge2/challenge.php:0
[07-Feb-2018 23:20:13 UTC] PHP Fatal error:  Call to undefined function randomCard() in /home/ubuntu/workspace/dquezada-munoz/Challenge2/challenge.php on line 62
[07-Feb-2018 23:20:13 UTC] PHP Stack trace:
[07-Feb-2018 23:20:13 UTC] PHP   1. {main}() /home/ubuntu/workspace/dquezada-munoz/Challenge2/challenge.php:0
[07-Feb-2018 23:20:14 UTC] PHP Fatal error:  Call to undefined function randomCard() in /home/ubuntu/workspace/dquezada-munoz/Challenge2/challenge.php on line 62
[07-Feb-2018 23:20:14 UTC] PHP Stack trace:
[07-Feb-2018 23:20:14 UTC] PHP   1. {main}() /home/ubuntu/workspace/dquezada-munoz/Challenge2/challenge.php:0
[07-Feb-2018 23:20:14 UTC] PHP Fatal error:  Call to undefined function randomCard() in /home/ubuntu/workspace/dquezada-munoz/Challenge2/challenge.php on line 62
[07-Feb-2018 23:20:14 UTC] PHP Stack trace:
[07-Feb-2018 23:20:14 UTC] PHP   1. {main}() /home/ubuntu/workspace/dquezada-munoz/Challenge2/challenge.php:0
[07-Feb-2018 23:51:02 UTC] PHP Parse error:  syntax error, unexpected 'Loses' (T_STRING), expecting ',' or ';' in /home/ubuntu/workspace/dquezada-munoz/Challenge2/challenge.php on line 74
[07-Feb-2018 23:51:03 UTC] PHP Parse error:  syntax error, unexpected 'Loses' (T_STRING), expecting ',' or ';' in /home/ubuntu/workspace/dquezada-munoz/Challenge2/challenge.php on line 74
[12-Feb-2018 23:06:48 UTC] PHP Parse error:  syntax error, unexpected 'echo' (T_ECHO) in /home/ubuntu/workspace/dquezada-munoz/Practice/php_arrays.php on line 25
[12-Feb-2018 23:29:49 UTC] PHP Fatal error:  Call to undefined function rand_array() in /home/ubuntu/workspace/dquezada-munoz/Practice/php_arrays.php on line 13
[12-Feb-2018 23:29:49 UTC] PHP Stack trace:
[12-Feb-2018 23:29:49 UTC] PHP   1. {main}() /home/ubuntu/workspace/dquezada-munoz/Practice/php_arrays.php:0
[12-Feb-2018 23:31:46 UTC] PHP Warning:  Missing argument 2 for displayCard(), called in /home/ubuntu/workspace/dquezada-munoz/Practice/php_arrays.php on line 47 and defined in /home/ubuntu/workspace/dquezada-munoz/Practice/php_arrays.php on line 15
[12-Feb-2018 23:31:46 UTC] PHP Stack trace:
[12-Feb-2018 23:31:46 UTC] PHP   1. {main}() /home/ubuntu/workspace/dquezada-munoz/Practice/php_arrays.php:0
[12-Feb-2018 23:31:46 UTC] PHP   2. displayCard() /home/ubuntu/workspace/dquezada-munoz/Practice/php_arrays.php:47
[12-Feb-2018 23:31:46 UTC] PHP Warning:  Missing argument 2 for displayCard(), called in /home/ubuntu/workspace/dquezada-munoz/Practice/php_arrays.php on line 50 and defined in /home/ubuntu/workspace/dquezada-munoz/Practice/php_arrays.php on line 15
[12-Feb-2018 23:31:46 UTC] PHP Stack trace:
[12-Feb-2018 23:31:46 UTC] PHP   1. {main}() /home/ubuntu/workspace/dquezada-munoz/Practice/php_arrays.php:0
[12-Feb-2018 23:31:46 UTC] PHP   2. displayCard() /home/ubuntu/workspace/dquezada-munoz/Practice/php_arrays.php:50
[12-Feb-2018 23:31:47 UTC] PHP Warning:  Missing argument 2 for displayCard(), called in /home/ubuntu/workspace/dquezada-munoz/Practice/php_arrays.php on line 47 and defined in /home/ubuntu/workspace/dquezada-munoz/Practice/php_arrays.php on line 15
[12-Feb-2018 23:31:47 UTC] PHP Stack trace:
[12-Feb-2018 23:31:47 UTC] PHP   1. {main}() /home/ubuntu/workspace/dquezada-munoz/Practice/php_arrays.php:0
[12-Feb-2018 23:31:47 UTC] PHP   2. displayCard() /home/ubuntu/workspace/dquezada-munoz/Practice/php_arrays.php:47
[12-Feb-2018 23:31:47 UTC] PHP Warning:  Missing argument 2 for displayCard(), called in /home/ubuntu/workspace/dquezada-munoz/Practice/php_arrays.php on line 50 and defined in /home/ubuntu/workspace/dquezada-munoz/Practice/php_arrays.php on line 15
[12-Feb-2018 23:31:47 UTC] PHP Stack trace:
[12-Feb-2018 23:31:47 UTC] PHP   1. {main}() /home/ubuntu/workspace/dquezada-munoz/Practice/php_arrays.php:0
[12-Feb-2018 23:31:47 UTC] PHP   2. displayCard() /home/ubuntu/workspace/dquezada-munoz/Practice/php_arrays.php:50
[12-Feb-2018 23:31:47 UTC] PHP Warning:  Missing argument 2 for displayCard(), called in /home/ubuntu/workspace/dquezada-munoz/Practice/php_arrays.php on line 47 and defined in /home/ubuntu/workspace/dquezada-munoz/Practice/php_arrays.php on line 15
[12-Feb-2018 23:31:47 UTC] PHP Stack trace:
[12-Feb-2018 23:31:47 UTC] PHP   1. {main}() /home/ubuntu/workspace/dquezada-munoz/Practice/php_arrays.php:0
[12-Feb-2018 23:31:47 UTC] PHP   2. displayCard() /home/ubuntu/workspace/dquezada-munoz/Practice/php_arrays.php:47
[12-Feb-2018 23:31:47 UTC] PHP Warning:  Missing argument 2 for displayCard(), called in /home/ubuntu/workspace/dquezada-munoz/Practice/php_arrays.php on line 50 and defined in /home/ubuntu/workspace/dquezada-munoz/Practice/php_arrays.php on line 15
[12-Feb-2018 23:31:47 UTC] PHP Stack trace:
[12-Feb-2018 23:31:47 UTC] PHP   1. {main}() /home/ubuntu/workspace/dquezada-munoz/Practice/php_arrays.php:0
[12-Feb-2018 23:31:47 UTC] PHP   2. displayCard() /home/ubuntu/workspace/dquezada-munoz/Practice/php_arrays.php:50
[12-Feb-2018 23:31:48 UTC] PHP Warning:  Missing argument 2 for displayCard(), called in /home/ubuntu/workspace/dquezada-munoz/Practice/php_arrays.php on line 47 and defined in /home/ubuntu/workspace/dquezada-munoz/Practice/php_arrays.php on line 15
[12-Feb-2018 23:31:48 UTC] PHP Stack trace:
[12-Feb-2018 23:31:48 UTC] PHP   1. {main}() /home/ubuntu/workspace/dquezada-munoz/Practice/php_arrays.php:0
[12-Feb-2018 23:31:48 UTC] PHP   2. displayCard() /home/ubuntu/workspace/dquezada-munoz/Practice/php_arrays.php:47
[12-Feb-2018 23:31:48 UTC] PHP Warning:  Missing argument 2 for displayCard(), called in /home/ubuntu/workspace/dquezada-munoz/Practice/php_arrays.php on line 50 and defined in /home/ubuntu/workspace/dquezada-munoz/Practice/php_arrays.php on line 15
[12-Feb-2018 23:31:48 UTC] PHP Stack trace:
[12-Feb-2018 23:31:48 UTC] PHP   1. {main}() /home/ubuntu/workspace/dquezada-munoz/Practice/php_arrays.php:0
[12-Feb-2018 23:31:48 UTC] PHP   2. displayCard() /home/ubuntu/workspace/dquezada-munoz/Practice/php_arrays.php:50
[12-Feb-2018 23:31:50 UTC] PHP Warning:  Missing argument 2 for displayCard(), called in /home/ubuntu/workspace/dquezada-munoz/Practice/php_arrays.php on line 47 and defined in /home/ubuntu/workspace/dquezada-munoz/Practice/php_arrays.php on line 15
[12-Feb-2018 23:31:50 UTC] PHP Stack trace:
[12-Feb-2018 23:31:50 UTC] PHP   1. {main}() /home/ubuntu/workspace/dquezada-munoz/Practice/php_arrays.php:0
[12-Feb-2018 23:31:50 UTC] PHP   2. displayCard() /home/ubuntu/workspace/dquezada-munoz/Practice/php_arrays.php:47
[12-Feb-2018 23:31:50 UTC] PHP Warning:  Missing argument 2 for displayCard(), called in /home/ubuntu/workspace/dquezada-munoz/Practice/php_arrays.php on line 50 and defined in /home/ubuntu/workspace/dquezada-munoz/Practice/php_arrays.php on line 15
[12-Feb-2018 23:31:50 UTC] PHP Stack trace:
[12-Feb-2018 23:31:50 UTC] PHP   1. {main}() /home/ubuntu/workspace/dquezada-munoz/Practice/php_arrays.php:0
[12-Feb-2018 23:31:50 UTC] PHP   2. displayCard() /home/ubuntu/workspace/dquezada-munoz/Practice/php_arrays.php:50
[12-Feb-2018 23:35:01 UTC] PHP Warning:  Missing argument 2 for displayCard(), called in /home/ubuntu/workspace/dquezada-munoz/Practice/php_arrays.php on line 47 and defined in /home/ubuntu/workspace/dquezada-munoz/Practice/php_arrays.php on line 15
[12-Feb-2018 23:35:02 UTC] PHP Stack trace:
[12-Feb-2018 23:35:02 UTC] PHP   1. {main}() /home/ubuntu/workspace/dquezada-munoz/Practice/php_arrays.php:0
[12-Feb-2018 23:35:02 UTC] PHP   2. displayCard() /home/ubuntu/workspace/dquezada-munoz/Practice/php_arrays.php:47
[12-Feb-2018 23:35:02 UTC] PHP Warning:  Missing argument 2 for displayCard(), called in /home/ubuntu/workspace/dquezada-munoz/Practice/php_arrays.php on line 50 and defined in /home/ubuntu/workspace/dquezada-munoz/Practice/php_arrays.php on line 15
[12-Feb-2018 23:35:02 UTC] PHP Stack trace:
[12-Feb-2018 23:35:02 UTC] PHP   1. {main}() /home/ubuntu/workspace/dquezada-munoz/Practice/php_arrays.php:0
[12-Feb-2018 23:35:02 UTC] PHP   2. displayCard() /home/ubuntu/workspace/dquezada-munoz/Practice/php_arrays.php:50
[12-Feb-2018 23:35:02 UTC] PHP Warning:  Missing argument 2 for displayCard(), called in /home/ubuntu/workspace/dquezada-munoz/Practice/php_arrays.php on line 47 and defined in /home/ubuntu/workspace/dquezada-munoz/Practice/php_arrays.php on line 15
[12-Feb-2018 23:35:02 UTC] PHP Stack trace:
[12-Feb-2018 23:35:02 UTC] PHP   1. {main}() /home/ubuntu/workspace/dquezada-munoz/Practice/php_arrays.php:0
[12-Feb-2018 23:35:02 UTC] PHP   2. displayCard() /home/ubuntu/workspace/dquezada-munoz/Practice/php_arrays.php:47
[12-Feb-2018 23:35:02 UTC] PHP Warning:  Missing argument 2 for displayCard(), called in /home/ubuntu/workspace/dquezada-munoz/Practice/php_arrays.php on line 50 and defined in /home/ubuntu/workspace/dquezada-munoz/Practice/php_arrays.php on line 15
[12-Feb-2018 23:35:02 UTC] PHP Stack trace:
[12-Feb-2018 23:35:02 UTC] PHP   1. {main}() /home/ubuntu/workspace/dquezada-munoz/Practice/php_arrays.php:0
[12-Feb-2018 23:35:02 UTC] PHP   2. displayCard() /home/ubuntu/workspace/dquezada-munoz/Practice/php_arrays.php:50
[12-Feb-2018 23:35:03 UTC] PHP Warning:  Missing argument 2 for displayCard(), called in /home/ubuntu/workspace/dquezada-munoz/Practice/php_arrays.php on line 47 and defined in /home/ubuntu/workspace/dquezada-munoz/Practice/php_arrays.php on line 15
[12-Feb-2018 23:35:03 UTC] PHP Stack trace:
[12-Feb-2018 23:35:03 UTC] PHP   1. {main}() /home/ubuntu/workspace/dquezada-munoz/Practice/php_arrays.php:0
[12-Feb-2018 23:35:03 UTC] PHP   2. displayCard() /home/ubuntu/workspace/dquezada-munoz/Practice/php_arrays.php:47
[12-Feb-2018 23:35:03 UTC] PHP Warning:  Missing argument 2 for displayCard(), called in /home/ubuntu/workspace/dquezada-munoz/Practice/php_arrays.php on line 50 and defined in /home/ubuntu/workspace/dquezada-munoz/Practice/php_arrays.php on line 15
[12-Feb-2018 23:35:03 UTC] PHP Stack trace:
[12-Feb-2018 23:35:03 UTC] PHP   1. {main}() /home/ubuntu/workspace/dquezada-munoz/Practice/php_arrays.php:0
[12-Feb-2018 23:35:03 UTC] PHP   2. displayCard() /home/ubuntu/workspace/dquezada-munoz/Practice/php_arrays.php:50
[12-Feb-2018 23:36:18 UTC] PHP Warning:  Missing argument 2 for displayCard(), called in /home/ubuntu/workspace/dquezada-munoz/Practice/php_arrays.php on line 52 and defined in /home/ubuntu/workspace/dquezada-munoz/Practice/php_arrays.php on line 15
[12-Feb-2018 23:36:18 UTC] PHP Stack trace:
[12-Feb-2018 23:36:18 UTC] PHP   1. {main}() /home/ubuntu/workspace/dquezada-munoz/Practice/php_arrays.php:0
[12-Feb-2018 23:36:18 UTC] PHP   2. displayCard() /home/ubuntu/workspace/dquezada-munoz/Practice/php_arrays.php:52
[12-Feb-2018 23:36:18 UTC] PHP Warning:  Missing argument 2 for displayCard(), called in /home/ubuntu/workspace/dquezada-munoz/Practice/php_arrays.php on line 55 and defined in /home/ubuntu/workspace/dquezada-munoz/Practice/php_arrays.php on line 15
[12-Feb-2018 23:36:18 UTC] PHP Stack trace:
[12-Feb-2018 23:36:18 UTC] PHP   1. {main}() /home/ubuntu/workspace/dquezada-munoz/Practice/php_arrays.php:0
[12-Feb-2018 23:36:18 UTC] PHP   2. displayCard() /home/ubuntu/workspace/dquezada-munoz/Practice/php_arrays.php:55
[12-Feb-2018 23:36:18 UTC] PHP Warning:  Missing argument 2 for displayCard(), called in /home/ubuntu/workspace/dquezada-munoz/Practice/php_arrays.php on line 52 and defined in /home/ubuntu/workspace/dquezada-munoz/Practice/php_arrays.php on line 15
[12-Feb-2018 23:36:18 UTC] PHP Stack trace:
[12-Feb-2018 23:36:18 UTC] PHP   1. {main}() /home/ubuntu/workspace/dquezada-munoz/Practice/php_arrays.php:0
[12-Feb-2018 23:36:18 UTC] PHP   2. displayCard() /home/ubuntu/workspace/dquezada-munoz/Practice/php_arrays.php:52
[12-Feb-2018 23:36:18 UTC] PHP Warning:  Missing argument 2 for displayCard(), called in /home/ubuntu/workspace/dquezada-munoz/Practice/php_arrays.php on line 55 and defined in /home/ubuntu/workspace/dquezada-munoz/Practice/php_arrays.php on line 15
[12-Feb-2018 23:36:18 UTC] PHP Stack trace:
[12-Feb-2018 23:36:18 UTC] PHP   1. {main}() /home/ubuntu/workspace/dquezada-munoz/Practice/php_arrays.php:0
[12-Feb-2018 23:36:18 UTC] PHP   2. displayCard() /home/ubuntu/workspace/dquezada-munoz/Practice/php_arrays.php:55
[12-Feb-2018 23:36:19 UTC] PHP Warning:  Missing argument 2 for displayCard(), called in /home/ubuntu/workspace/dquezada-munoz/Practice/php_arrays.php on line 52 and defined in /home/ubuntu/workspace/dquezada-munoz/Practice/php_arrays.php on line 15
[12-Feb-2018 23:36:19 UTC] PHP Stack trace:
[12-Feb-2018 23:36:19 UTC] PHP   1. {main}() /home/ubuntu/workspace/dquezada-munoz/Practice/php_arrays.php:0
[12-Feb-2018 23:36:19 UTC] PHP   2. displayCard() /home/ubuntu/workspace/dquezada-munoz/Practice/php_arrays.php:52
[12-Feb-2018 23:36:19 UTC] PHP Warning:  Missing argument 2 for displayCard(), called in /home/ubuntu/workspace/dquezada-munoz/Practice/php_arrays.php on line 55 and defined in /home/ubuntu/workspace/dquezada-munoz/Practice/php_arrays.php on line 15
[12-Feb-2018 23:36:19 UTC] PHP Stack trace:
[12-Feb-2018 23:36:19 UTC] PHP   1. {main}() /home/ubuntu/workspace/dquezada-munoz/Practice/php_arrays.php:0
[12-Feb-2018 23:36:19 UTC] PHP   2. displayCard() /home/ubuntu/workspace/dquezada-munoz/Practice/php_arrays.php:55
[12-Feb-2018 23:40:33 UTC] PHP Warning:  array_rand() expects parameter 1 to be array, integer given in /home/ubuntu/workspace/dquezada-munoz/Practice/php_arrays.php on line 27
[12-Feb-2018 23:40:33 UTC] PHP Stack trace:
[12-Feb-2018 23:40:33 UTC] PHP   1. {main}() /home/ubuntu/workspace/dquezada-munoz/Practice/php_arrays.php:0
[12-Feb-2018 23:40:33 UTC] PHP   2. array_rand() /home/ubuntu/workspace/dquezada-munoz/Practice/php_arrays.php:27
[12-Feb-2018 23:40:33 UTC] PHP Warning:  array_rand() expects parameter 1 to be array, integer given in /home/ubuntu/workspace/dquezada-munoz/Practice/php_arrays.php on line 28
[12-Feb-2018 23:40:33 UTC] PHP Stack trace:
[12-Feb-2018 23:40:33 UTC] PHP   1. {main}() /home/ubuntu/workspace/dquezada-munoz/Practice/php_arrays.php:0
[12-Feb-2018 23:40:33 UTC] PHP   2. array_rand() /home/ubuntu/workspace/dquezada-munoz/Practice/php_arrays.php:28
[12-Feb-2018 23:40:33 UTC] PHP Warning:  Missing argument 2 for displayCard(), called in /home/ubuntu/workspace/dquezada-munoz/Practice/php_arrays.php on line 52 and defined in /home/ubuntu/workspace/dquezada-munoz/Practice/php_arrays.php on line 15
[12-Feb-2018 23:40:33 UTC] PHP Stack trace:
[12-Feb-2018 23:40:33 UTC] PHP   1. {main}() /home/ubuntu/workspace/dquezada-munoz/Practice/php_arrays.php:0
[12-Feb-2018 23:40:33 UTC] PHP   2. displayCard() /home/ubuntu/workspace/dquezada-munoz/Practice/php_arrays.php:52
[12-Feb-2018 23:40:33 UTC] PHP Warning:  Missing argument 2 for displayCard(), called in /home/ubuntu/workspace/dquezada-munoz/Practice/php_arrays.php on line 55 and defined in /home/ubuntu/workspace/dquezada-munoz/Practice/php_arrays.php on line 15
[12-Feb-2018 23:40:33 UTC] PHP Stack trace:
[12-Feb-2018 23:40:33 UTC] PHP   1. {main}() /home/ubuntu/workspace/dquezada-munoz/Practice/php_arrays.php:0
[12-Feb-2018 23:40:33 UTC] PHP   2. displayCard() /home/ubuntu/workspace/dquezada-munoz/Practice/php_arrays.php:55
[12-Feb-2018 23:40:34 UTC] PHP Warning:  array_rand() expects parameter 1 to be array, integer given in /home/ubuntu/workspace/dquezada-munoz/Practice/php_arrays.php on line 27
[12-Feb-2018 23:40:34 UTC] PHP Stack trace:
[12-Feb-2018 23:40:34 UTC] PHP   1. {main}() /home/ubuntu/workspace/dquezada-munoz/Practice/php_arrays.php:0
[12-Feb-2018 23:40:34 UTC] PHP   2. array_rand() /home/ubuntu/workspace/dquezada-munoz/Practice/php_arrays.php:27
[12-Feb-2018 23:40:34 UTC] PHP Warning:  array_rand() expects parameter 1 to be array, integer given in /home/ubuntu/workspace/dquezada-munoz/Practice/php_arrays.php on line 28
[12-Feb-2018 23:40:34 UTC] PHP Stack trace:
[12-Feb-2018 23:40:34 UTC] PHP   1. {main}() /home/ubuntu/workspace/dquezada-munoz/Practice/php_arrays.php:0
[12-Feb-2018 23:40:34 UTC] PHP   2. array_rand() /home/ubuntu/workspace/dquezada-munoz/Practice/php_arrays.php:28
[12-Feb-2018 23:40:34 UTC] PHP Warning:  Missing argument 2 for displayCard(), called in /home/ubuntu/workspace/dquezada-munoz/Practice/php_arrays.php on line 52 and defined in /home/ubuntu/workspace/dquezada-munoz/Practice/php_arrays.php on line 15
[12-Feb-2018 23:40:34 UTC] PHP Stack trace:
[12-Feb-2018 23:40:34 UTC] PHP   1. {main}() /home/ubuntu/workspace/dquezada-munoz/Practice/php_arrays.php:0
[12-Feb-2018 23:40:34 UTC] PHP   2. displayCard() /home/ubuntu/workspace/dquezada-munoz/Practice/php_arrays.php:52
[12-Feb-2018 23:40:34 UTC] PHP Warning:  Missing argument 2 for displayCard(), called in /home/ubuntu/workspace/dquezada-munoz/Practice/php_arrays.php on line 55 and defined in /home/ubuntu/workspace/dquezada-munoz/Practice/php_arrays.php on line 15
[12-Feb-2018 23:40:34 UTC] PHP Stack trace:
[12-Feb-2018 23:40:34 UTC] PHP   1. {main}() /home/ubuntu/workspace/dquezada-munoz/Practice/php_arrays.php:0
[12-Feb-2018 23:40:34 UTC] PHP   2. displayCard() /home/ubuntu/workspace/dquezada-munoz/Practice/php_arrays.php:55
[12-Feb-2018 23:40:35 UTC] PHP Warning:  array_rand() expects parameter 1 to be array, integer given in /home/ubuntu/workspace/dquezada-munoz/Practice/php_arrays.php on line 27
[12-Feb-2018 23:40:35 UTC] PHP Stack trace:
[12-Feb-2018 23:40:35 UTC] PHP   1. {main}() /home/ubuntu/workspace/dquezada-munoz/Practice/php_arrays.php:0
[12-Feb-2018 23:40:35 UTC] PHP   2. array_rand() /home/ubuntu/workspace/dquezada-munoz/Practice/php_arrays.php:27
[12-Feb-2018 23:40:35 UTC] PHP Warning:  array_rand() expects parameter 1 to be array, integer given in /home/ubuntu/workspace/dquezada-munoz/Practice/php_arrays.php on line 28
[12-Feb-2018 23:40:35 UTC] PHP Stack trace:
[12-Feb-2018 23:40:35 UTC] PHP   1. {main}() /home/ubuntu/workspace/dquezada-munoz/Practice/php_arrays.php:0
[12-Feb-2018 23:40:35 UTC] PHP   2. array_rand() /home/ubuntu/workspace/dquezada-munoz/Practice/php_arrays.php:28
[12-Feb-2018 23:40:35 UTC] PHP Warning:  Missing argument 2 for displayCard(), called in /home/ubuntu/workspace/dquezada-munoz/Practice/php_arrays.php on line 52 and defined in /home/ubuntu/workspace/dquezada-munoz/Practice/php_arrays.php on line 15
[12-Feb-2018 23:40:35 UTC] PHP Stack trace:
[12-Feb-2018 23:40:35 UTC] PHP   1. {main}() /home/ubuntu/workspace/dquezada-munoz/Practice/php_arrays.php:0
[12-Feb-2018 23:40:35 UTC] PHP   2. displayCard() /home/ubuntu/workspace/dquezada-munoz/Practice/php_arrays.php:52
[12-Feb-2018 23:40:35 UTC] PHP Warning:  Missing argument 2 for displayCard(), called in /home/ubuntu/workspace/dquezada-munoz/Practice/php_arrays.php on line 55 and defined in /home/ubuntu/workspace/dquezada-munoz/Practice/php_arrays.php on line 15
[12-Feb-2018 23:40:35 UTC] PHP Stack trace:
[12-Feb-2018 23:40:35 UTC] PHP   1. {main}() /home/ubuntu/workspace/dquezada-munoz/Practice/php_arrays.php:0
[12-Feb-2018 23:40:35 UTC] PHP   2. displayCard() /home/ubuntu/workspace/dquezada-munoz/Practice/php_arrays.php:55
[12-Feb-2018 23:40:36 UTC] PHP Warning:  array_rand() expects parameter 1 to be array, integer given in /home/ubuntu/workspace/dquezada-munoz/Practice/php_arrays.php on line 27
[12-Feb-2018 23:40:36 UTC] PHP Stack trace:
[12-Feb-2018 23:40:36 UTC] PHP   1. {main}() /home/ubuntu/workspace/dquezada-munoz/Practice/php_arrays.php:0
[12-Feb-2018 23:40:36 UTC] PHP   2. array_rand() /home/ubuntu/workspace/dquezada-munoz/Practice/php_arrays.php:27
[12-Feb-2018 23:40:36 UTC] PHP Warning:  array_rand() expects parameter 1 to be array, integer given in /home/ubuntu/workspace/dquezada-munoz/Practice/php_arrays.php on line 28
[12-Feb-2018 23:40:36 UTC] PHP Stack trace:
[12-Feb-2018 23:40:36 UTC] PHP   1. {main}() /home/ubuntu/workspace/dquezada-munoz/Practice/php_arrays.php:0
[12-Feb-2018 23:40:36 UTC] PHP   2. array_rand() /home/ubuntu/workspace/dquezada-munoz/Practice/php_arrays.php:28
[12-Feb-2018 23:40:36 UTC] PHP Warning:  Missing argument 2 for displayCard(), called in /home/ubuntu/workspace/dquezada-munoz/Practice/php_arrays.php on line 52 and defined in /home/ubuntu/workspace/dquezada-munoz/Practice/php_arrays.php on line 15
[12-Feb-2018 23:40:36 UTC] PHP Stack trace:
[12-Feb-2018 23:40:36 UTC] PHP   1. {main}() /home/ubuntu/workspace/dquezada-munoz/Practice/php_arrays.php:0
[12-Feb-2018 23:40:36 UTC] PHP   2. displayCard() /home/ubuntu/workspace/dquezada-munoz/Practice/php_arrays.php:52
[12-Feb-2018 23:40:36 UTC] PHP Warning:  Missing argument 2 for displayCard(), called in /home/ubuntu/workspace/dquezada-munoz/Practice/php_arrays.php on line 55 and defined in /home/ubuntu/workspace/dquezada-munoz/Practice/php_arrays.php on line 15
[12-Feb-2018 23:40:36 UTC] PHP Stack trace:
[12-Feb-2018 23:40:36 UTC] PHP   1. {main}() /home/ubuntu/workspace/dquezada-munoz/Practice/php_arrays.php:0
[12-Feb-2018 23:40:36 UTC] PHP   2. displayCard() /home/ubuntu/workspace/dquezada-munoz/Practice/php_arrays.php:55
[12-Feb-2018 23:40:37 UTC] PHP Warning:  array_rand() expects parameter 1 to be array, integer given in /home/ubuntu/workspace/dquezada-munoz/Practice/php_arrays.php on line 27
[12-Feb-2018 23:40:37 UTC] PHP Stack trace:
[12-Feb-2018 23:40:37 UTC] PHP   1. {main}() /home/ubuntu/workspace/dquezada-munoz/Practice/php_arrays.php:0
[12-Feb-2018 23:40:37 UTC] PHP   2. array_rand() /home/ubuntu/workspace/dquezada-munoz/Practice/php_arrays.php:27
[12-Feb-2018 23:40:37 UTC] PHP Warning:  array_rand() expects parameter 1 to be array, integer given in /home/ubuntu/workspace/dquezada-munoz/Practice/php_arrays.php on line 28
[12-Feb-2018 23:40:37 UTC] PHP Stack trace:
[12-Feb-2018 23:40:37 UTC] PHP   1. {main}() /home/ubuntu/workspace/dquezada-munoz/Practice/php_arrays.php:0
[12-Feb-2018 23:40:37 UTC] PHP   2. array_rand() /home/ubuntu/workspace/dquezada-munoz/Practice/php_arrays.php:28
[12-Feb-2018 23:40:37 UTC] PHP Warning:  Missing argument 2 for displayCard(), called in /home/ubuntu/workspace/dquezada-munoz/Practice/php_arrays.php on line 52 and defined in /home/ubuntu/workspace/dquezada-munoz/Practice/php_arrays.php on line 15
[12-Feb-2018 23:40:37 UTC] PHP Stack trace:
[12-Feb-2018 23:40:37 UTC] PHP   1. {main}() /home/ubuntu/workspace/dquezada-munoz/Practice/php_arrays.php:0
[12-Feb-2018 23:40:37 UTC] PHP   2. displayCard() /home/ubuntu/workspace/dquezada-munoz/Practice/php_arrays.php:52
[12-Feb-2018 23:40:37 UTC] PHP Warning:  Missing argument 2 for displayCard(), called in /home/ubuntu/workspace/dquezada-munoz/Practice/php_arrays.php on line 55 and defined in /home/ubuntu/workspace/dquezada-munoz/Practice/php_arrays.php on line 15
[12-Feb-2018 23:40:37 UTC] PHP Stack trace:
[12-Feb-2018 23:40:37 UTC] PHP   1. {main}() /home/ubuntu/workspace/dquezada-munoz/Practice/php_arrays.php:0
[12-Feb-2018 23:40:37 UTC] PHP   2. displayCard() /home/ubuntu/workspace/dquezada-munoz/Practice/php_arrays.php:55
[12-Feb-2018 23:41:04 UTC] PHP Warning:  Missing argument 2 for displayCard(), called in /home/ubuntu/workspace/dquezada-munoz/Practice/php_arrays.php on line 52 and defined in /home/ubuntu/workspace/dquezada-munoz/Practice/php_arrays.php on line 15
[12-Feb-2018 23:41:04 UTC] PHP Stack trace:
[12-Feb-2018 23:41:04 UTC] PHP   1. {main}() /home/ubuntu/workspace/dquezada-munoz/Practice/php_arrays.php:0
[12-Feb-2018 23:41:04 UTC] PHP   2. displayCard() /home/ubuntu/workspace/dquezada-munoz/Practice/php_arrays.php:52
[12-Feb-2018 23:41:04 UTC] PHP Warning:  Missing argument 2 for displayCard(), called in /home/ubuntu/workspace/dquezada-munoz/Practice/php_arrays.php on line 55 and defined in /home/ubuntu/workspace/dquezada-munoz/Practice/php_arrays.php on line 15
[12-Feb-2018 23:41:04 UTC] PHP Stack trace:
[12-Feb-2018 23:41:04 UTC] PHP   1. {main}() /home/ubuntu/workspace/dquezada-munoz/Practice/php_arrays.php:0
[12-Feb-2018 23:41:04 UTC] PHP   2. displayCard() /home/ubuntu/workspace/dquezada-munoz/Practice/php_arrays.php:55
[12-Feb-2018 23:41:05 UTC] PHP Warning:  Missing argument 2 for displayCard(), called in /home/ubuntu/workspace/dquezada-munoz/Practice/php_arrays.php on line 52 and defined in /home/ubuntu/workspace/dquezada-munoz/Practice/php_arrays.php on line 15
[12-Feb-2018 23:41:05 UTC] PHP Stack trace:
[12-Feb-2018 23:41:05 UTC] PHP   1. {main}() /home/ubuntu/workspace/dquezada-munoz/Practice/php_arrays.php:0
[12-Feb-2018 23:41:05 UTC] PHP   2. displayCard() /home/ubuntu/workspace/dquezada-munoz/Practice/php_arrays.php:52
[12-Feb-2018 23:41:05 UTC] PHP Warning:  Missing argument 2 for displayCard(), called in /home/ubuntu/workspace/dquezada-munoz/Practice/php_arrays.php on line 55 and defined in /home/ubuntu/workspace/dquezada-munoz/Practice/php_arrays.php on line 15
[12-Feb-2018 23:41:05 UTC] PHP Stack trace:
[12-Feb-2018 23:41:05 UTC] PHP   1. {main}() /home/ubuntu/workspace/dquezada-munoz/Practice/php_arrays.php:0
[12-Feb-2018 23:41:05 UTC] PHP   2. displayCard() /home/ubuntu/workspace/dquezada-munoz/Practice/php_arrays.php:55
[12-Feb-2018 23:43:12 UTC] PHP Warning:  Missing argument 2 for displayCard(), called in /home/ubuntu/workspace/dquezada-munoz/Practice/php_arrays.php on line 52 and defined in /home/ubuntu/workspace/dquezada-munoz/Practice/php_arrays.php on line 15
[12-Feb-2018 23:43:12 UTC] PHP Stack trace:
[12-Feb-2018 23:43:12 UTC] PHP   1. {main}() /home/ubuntu/workspace/dquezada-munoz/Practice/php_arrays.php:0
[12-Feb-2018 23:43:12 UTC] PHP   2. displayCard() /home/ubuntu/workspace/dquezada-munoz/Practice/php_arrays.php:52
[12-Feb-2018 23:43:12 UTC] PHP Warning:  Missing argument 2 for displayCard(), called in /home/ubuntu/workspace/dquezada-munoz/Practice/php_arrays.php on line 55 and defined in /home/ubuntu/workspace/dquezada-munoz/Practice/php_arrays.php on line 15
[12-Feb-2018 23:43:12 UTC] PHP Stack trace:
[12-Feb-2018 23:43:12 UTC] PHP   1. {main}() /home/ubuntu/workspace/dquezada-munoz/Practice/php_arrays.php:0
[12-Feb-2018 23:43:12 UTC] PHP   2. displayCard() /home/ubuntu/workspace/dquezada-munoz/Practice/php_arrays.php:55
[12-Feb-2018 23:43:13 UTC] PHP Warning:  Missing argument 2 for displayCard(), called in /home/ubuntu/workspace/dquezada-munoz/Practice/php_arrays.php on line 52 and defined in /home/ubuntu/workspace/dquezada-munoz/Practice/php_arrays.php on line 15
[12-Feb-2018 23:43:13 UTC] PHP Stack trace:
[12-Feb-2018 23:43:13 UTC] PHP   1. {main}() /home/ubuntu/workspace/dquezada-munoz/Practice/php_arrays.php:0
[12-Feb-2018 23:43:13 UTC] PHP   2. displayCard() /home/ubuntu/workspace/dquezada-munoz/Practice/php_arrays.php:52
[12-Feb-2018 23:43:13 UTC] PHP Warning:  Missing argument 2 for displayCard(), called in /home/ubuntu/workspace/dquezada-munoz/Practice/php_arrays.php on line 55 and defined in /home/ubuntu/workspace/dquezada-munoz/Practice/php_arrays.php on line 15
[12-Feb-2018 23:43:13 UTC] PHP Stack trace:
[12-Feb-2018 23:43:13 UTC] PHP   1. {main}() /home/ubuntu/workspace/dquezada-munoz/Practice/php_arrays.php:0
[12-Feb-2018 23:43:13 UTC] PHP   2. displayCard() /home/ubuntu/workspace/dquezada-munoz/Practice/php_arrays.php:55
[12-Feb-2018 23:44:53 UTC] PHP Warning:  Missing argument 2 for displayCard(), called in /home/ubuntu/workspace/dquezada-munoz/Practice/php_arrays.php on line 55 and defined in /home/ubuntu/workspace/dquezada-munoz/Practice/php_arrays.php on line 15
[12-Feb-2018 23:44:53 UTC] PHP Stack trace:
[12-Feb-2018 23:44:53 UTC] PHP   1. {main}() /home/ubuntu/workspace/dquezada-munoz/Practice/php_arrays.php:0
[12-Feb-2018 23:44:53 UTC] PHP   2. displayCard() /home/ubuntu/workspace/dquezada-munoz/Practice/php_arrays.php:55
[12-Feb-2018 23:44:54 UTC] PHP Warning:  Missing argument 2 for displayCard(), called in /home/ubuntu/workspace/dquezada-munoz/Practice/php_arrays.php on line 55 and defined in /home/ubuntu/workspace/dquezada-munoz/Practice/php_arrays.php on line 15
[12-Feb-2018 23:44:54 UTC] PHP Stack trace:
[12-Feb-2018 23:44:54 UTC] PHP   1. {main}() /home/ubuntu/workspace/dquezada-munoz/Practice/php_arrays.php:0
[12-Feb-2018 23:44:54 UTC] PHP   2. displayCard() /home/ubuntu/workspace/dquezada-munoz/Practice/php_arrays.php:55
[12-Feb-2018 23:48:23 UTC] PHP Parse error:  syntax error, unexpected '{' in /home/ubuntu/workspace/dquezada-munoz/Practice/php_arrays.php on line 37
[12-Feb-2018 23:48:24 UTC] PHP Parse error:  syntax error, unexpected '{' in /home/ubuntu/workspace/dquezada-munoz/Practice/php_arrays.php on line 37
[19-Feb-2018 23:40:22 UTC] PHP Fatal error:  Call to undefined function char() in /home/ubuntu/workspace/dquezada-munoz/Challenge3/index.php on line 8
[19-Feb-2018 23:40:22 UTC] PHP Stack trace:
[19-Feb-2018 23:40:22 UTC] PHP   1. {main}() /home/ubuntu/workspace/dquezada-munoz/Challenge3/index.php:0
[21-Feb-2018 01:58:16 UTC] PHP Warning:  array_pop() expects parameter 1 to be array, null given in /home/ubuntu/workspace/dquezada-munoz/Practice/php_arrays.php on line 50
[21-Feb-2018 01:58:16 UTC] PHP Stack trace:
[21-Feb-2018 01:58:16 UTC] PHP   1. {main}() /home/ubuntu/workspace/dquezada-munoz/Practice/php_arrays.php:0
[21-Feb-2018 01:58:16 UTC] PHP   2. createDeck() /home/ubuntu/workspace/dquezada-munoz/Practice/php_arrays.php:35
[21-Feb-2018 01:58:16 UTC] PHP   3. getHand() /home/ubuntu/workspace/dquezada-munoz/Practice/php_arrays.php:32
[21-Feb-2018 01:58:16 UTC] PHP   4. array_pop() /home/ubuntu/workspace/dquezada-munoz/Practice/php_arrays.php:50
[21-Feb-2018 01:58:16 UTC] PHP Warning:  array_pop() expects parameter 1 to be array, null given in /home/ubuntu/workspace/dquezada-munoz/Practice/php_arrays.php on line 50
[21-Feb-2018 01:58:16 UTC] PHP Stack trace:
[21-Feb-2018 01:58:16 UTC] PHP   1. {main}() /home/ubuntu/workspace/dquezada-munoz/Practice/php_arrays.php:0
[21-Feb-2018 01:58:16 UTC] PHP   2. createDeck() /home/ubuntu/workspace/dquezada-munoz/Practice/php_arrays.php:35
[21-Feb-2018 01:58:16 UTC] PHP   3. getHand() /home/ubuntu/workspace/dquezada-munoz/Practice/php_arrays.php:32
[21-Feb-2018 01:58:16 UTC] PHP   4. array_pop() /home/ubuntu/workspace/dquezada-munoz/Practice/php_arrays.php:50
[21-Feb-2018 01:58:16 UTC] PHP Warning:  array_pop() expects parameter 1 to be array, null given in /home/ubuntu/workspace/dquezada-munoz/Practice/php_arrays.php on line 50
[21-Feb-2018 01:58:16 UTC] PHP Stack trace:
[21-Feb-2018 01:58:16 UTC] PHP   1. {main}() /home/ubuntu/workspace/dquezada-munoz/Practice/php_arrays.php:0
[21-Feb-2018 01:58:16 UTC] PHP   2. createDeck() /home/ubuntu/workspace/dquezada-munoz/Practice/php_arrays.php:35
[21-Feb-2018 01:58:16 UTC] PHP   3. getHand() /home/ubuntu/workspace/dquezada-munoz/Practice/php_arrays.php:32
[21-Feb-2018 01:58:16 UTC] PHP   4. array_pop() /home/ubuntu/workspace/dquezada-munoz/Practice/php_arrays.php:50
[21-Feb-2018 01:58:16 UTC] PHP Warning:  array_pop() expects parameter 1 to be array, null given in /home/ubuntu/workspace/dquezada-munoz/Practice/php_arrays.php on line 50
[21-Feb-2018 01:58:16 UTC] PHP Stack trace:
[21-Feb-2018 01:58:16 UTC] PHP   1. {main}() /home/ubuntu/workspace/dquezada-munoz/Practice/php_arrays.php:0
[21-Feb-2018 01:58:16 UTC] PHP   2. createDeck() /home/ubuntu/workspace/dquezada-munoz/Practice/php_arrays.php:35
[21-Feb-2018 01:58:16 UTC] PHP   3. getHand() /home/ubuntu/workspace/dquezada-munoz/Practice/php_arrays.php:32
[21-Feb-2018 01:58:16 UTC] PHP   4. array_pop() /home/ubuntu/workspace/dquezada-munoz/Practice/php_arrays.php:50
[21-Feb-2018 01:58:16 UTC] PHP Warning:  array_pop() expects parameter 1 to be array, null given in /home/ubuntu/workspace/dquezada-munoz/Practice/php_arrays.php on line 50
[21-Feb-2018 01:58:16 UTC] PHP Stack trace:
[21-Feb-2018 01:58:16 UTC] PHP   1. {main}() /home/ubuntu/workspace/dquezada-munoz/Practice/php_arrays.php:0
[21-Feb-2018 01:58:16 UTC] PHP   2. createDeck() /home/ubuntu/workspace/dquezada-munoz/Practice/php_arrays.php:35
[21-Feb-2018 01:58:16 UTC] PHP   3. getHand() /home/ubuntu/workspace/dquezada-munoz/Practice/php_arrays.php:32
[21-Feb-2018 01:58:16 UTC] PHP   4. array_pop() /home/ubuntu/workspace/dquezada-munoz/Practice/php_arrays.php:50
[21-Feb-2018 01:58:16 UTC] PHP Warning:  array_pop() expects parameter 1 to be array, null given in /home/ubuntu/workspace/dquezada-munoz/Practice/php_arrays.php on line 50
[21-Feb-2018 01:58:16 UTC] PHP Stack trace:
[21-Feb-2018 01:58:16 UTC] PHP   1. {main}() /home/ubuntu/workspace/dquezada-munoz/Practice/php_arrays.php:0
[21-Feb-2018 01:58:16 UTC] PHP   2. createDeck() /home/ubuntu/workspace/dquezada-munoz/Practice/php_arrays.php:35
[21-Feb-2018 01:58:16 UTC] PHP   3. getHand() /home/ubuntu/workspace/dquezada-munoz/Practice/php_arrays.php:32
[21-Feb-2018 01:58:16 UTC] PHP   4. array_pop() /home/ubuntu/workspace/dquezada-munoz/Practice/php_arrays.php:50
[21-Feb-2018 01:58:16 UTC] PHP Warning:  array_pop() expects parameter 1 to be array, null given in /home/ubuntu/workspace/dquezada-munoz/Practice/php_arrays.php on line 50
[21-Feb-2018 01:58:16 UTC] PHP Stack trace:
[21-Feb-2018 01:58:16 UTC] PHP   1. {main}() /home/ubuntu/workspace/dquezada-munoz/Practice/php_arrays.php:0
[21-Feb-2018 01:58:16 UTC] PHP   2. createDeck() /home/ubuntu/workspace/dquezada-munoz/Practice/php_arrays.php:35
[21-Feb-2018 01:58:16 UTC] PHP   3. getHand() /home/ubuntu/workspace/dquezada-munoz/Practice/php_arrays.php:32
[21-Feb-2018 01:58:16 UTC] PHP   4. array_pop() /home/ubuntu/workspace/dquezada-munoz/Practice/php_arrays.php:50
[21-Feb-2018 01:58:16 UTC] PHP Warning:  array_pop() expects parameter 1 to be array, null given in /home/ubuntu/workspace/dquezada-munoz/Practice/php_arrays.php on line 50
[21-Feb-2018 01:58:16 UTC] PHP Stack trace:
[21-Feb-2018 01:58:16 UTC] PHP   1. {main}() /home/ubuntu/workspace/dquezada-munoz/Practice/php_arrays.php:0
[21-Feb-2018 01:58:16 UTC] PHP   2. createDeck() /home/ubuntu/workspace/dquezada-munoz/Practice/php_arrays.php:35
[21-Feb-2018 01:58:16 UTC] PHP   3. getHand() /home/ubuntu/workspace/dquezada-munoz/Practice/php_arrays.php:32
[21-Feb-2018 01:58:16 UTC] PHP   4. array_pop() /home/ubuntu/workspace/dquezada-munoz/Practice/php_arrays.php:50
[21-Feb-2018 01:58:16 UTC] PHP Warning:  array_pop() expects parameter 1 to be array, null given in /home/ubuntu/workspace/dquezada-munoz/Practice/php_arrays.php on line 50
[21-Feb-2018 01:58:16 UTC] PHP Stack trace:
[21-Feb-2018 01:58:16 UTC] PHP   1. {main}() /home/ubuntu/workspace/dquezada-munoz/Practice/php_arrays.php:0
[21-Feb-2018 01:58:16 UTC] PHP   2. createDeck() /home/ubuntu/workspace/dquezada-munoz/Practice/php_arrays.php:35
[21-Feb-2018 01:58:16 UTC] PHP   3. getHand() /home/ubuntu/workspace/dquezada-munoz/Practice/php_arrays.php:32
[21-Feb-2018 01:58:16 UTC] PHP   4. array_pop() /home/ubuntu/workspace/dquezada-munoz/Practice/php_arrays.php:50
[21-Feb-2018 01:58:16 UTC] PHP Warning:  array_pop() expects parameter 1 to be array, null given in /home/ubuntu/workspace/dquezada-munoz/Practice/php_arrays.php on line 50
[21-Feb-2018 01:58:16 UTC] PHP Stack trace:
[21-Feb-2018 01:58:16 UTC] PHP   1. {main}() /home/ubuntu/workspace/dquezada-munoz/Practice/php_arrays.php:0
[21-Feb-2018 01:58:16 UTC] PHP   2. createDeck() /home/ubuntu/workspace/dquezada-munoz/Practice/php_arrays.php:35
[21-Feb-2018 01:58:16 UTC] PHP   3. getHand() /home/ubuntu/workspace/dquezada-munoz/Practice/php_arrays.php:32
[21-Feb-2018 01:58:16 UTC] PHP   4. array_pop() /home/ubuntu/workspace/dquezada-munoz/Practice/php_arrays.php:50
[21-Feb-2018 01:58:16 UTC] PHP Warning:  array_pop() expects parameter 1 to be array, null given in /home/ubuntu/workspace/dquezada-munoz/Practice/php_arrays.php on line 50
[21-Feb-2018 01:58:16 UTC] PHP Stack trace:
[21-Feb-2018 01:58:16 UTC] PHP   1. {main}() /home/ubuntu/workspace/dquezada-munoz/Practice/php_arrays.php:0
[21-Feb-2018 01:58:16 UTC] PHP   2. createDeck() /home/ubuntu/workspace/dquezada-munoz/Practice/php_arrays.php:35
[21-Feb-2018 01:58:16 UTC] PHP   3. getHand() /home/ubuntu/workspace/dquezada-munoz/Practice/php_arrays.php:32
[21-Feb-2018 01:58:16 UTC] PHP   4. array_pop() /home/ubuntu/workspace/dquezada-munoz/Practice/php_arrays.php:50
[21-Feb-2018 01:58:16 UTC] PHP Warning:  array_pop() expects parameter 1 to be array, null given in /home/ubuntu/workspace/dquezada-munoz/Practice/php_arrays.php on line 50
[21-Feb-2018 01:58:16 UTC] PHP Stack trace:
[21-Feb-2018 01:58:16 UTC] PHP   1. {main}() /home/ubuntu/workspace/dquezada-munoz/Practice/php_arrays.php:0
[21-Feb-2018 01:58:16 UTC] PHP   2. createDeck() /home/ubuntu/workspace/dquezada-munoz/Practice/php_arrays.php:35
[21-Feb-2018 01:58:16 UTC] PHP   3. getHand() /home/ubuntu/workspace/dquezada-munoz/Practice/php_arrays.php:32
[21-Feb-2018 01:58:16 UTC] PHP   4. array_pop() /home/ubuntu/workspace/dquezada-munoz/Practice/php_arrays.php:50
[21-Feb-2018 01:58:16 UTC] PHP Warning:  array_pop() expects parameter 1 to be array, null given in /home/ubuntu/workspace/dquezada-munoz/Practice/php_arrays.php on line 50
[21-Feb-2018 01:58:16 UTC] PHP Stack trace:
[21-Feb-2018 01:58:16 UTC] PHP   1. {main}() /home/ubuntu/workspace/dquezada-munoz/Practice/php_arrays.php:0
[21-Feb-2018 01:58:16 UTC] PHP   2. createDeck() /home/ubuntu/workspace/dquezada-munoz/Practice/php_arrays.php:35
[21-Feb-2018 01:58:16 UTC] PHP   3. getHand() /home/ubuntu/workspace/dquezada-munoz/Practice/php_arrays.php:32
[21-Feb-2018 01:58:16 UTC] PHP   4. array_pop() /home/ubuntu/workspace/dquezada-munoz/Practice/php_arrays.php:50
[21-Feb-2018 01:58:16 UTC] PHP Warning:  array_pop() expects parameter 1 to be array, null given in /home/ubuntu/workspace/dquezada-munoz/Practice/php_arrays.php on line 50
[21-Feb-2018 01:58:16 UTC] PHP Stack trace:
[21-Feb-2018 01:58:16 UTC] PHP   1. {main}() /home/ubuntu/workspace/dquezada-munoz/Practice/php_arrays.php:0
[21-Feb-2018 01:58:16 UTC] PHP   2. createDeck() /home/ubuntu/workspace/dquezada-munoz/Practice/php_arrays.php:35
[21-Feb-2018 01:58:16 UTC] PHP   3. getHand() /home/ubuntu/workspace/dquezada-munoz/Practice/php_arrays.php:32
[21-Feb-2018 01:58:16 UTC] PHP   4. array_pop() /home/ubuntu/workspace/dquezada-munoz/Practice/php_arrays.php:50
[21-Feb-2018 01:58:16 UTC] PHP Warning:  array_pop() expects parameter 1 to be array, null given in /home/ubuntu/workspace/dquezada-munoz/Practice/php_arrays.php on line 50
[21-Feb-2018 01:58:16 UTC] PHP Stack trace:
[21-Feb-2018 01:58:16 UTC] PHP   1. {main}() /home/ubuntu/workspace/dquezada-munoz/Practice/php_arrays.php:0
[21-Feb-2018 01:58:16 UTC] PHP   2. createDeck() /home/ubuntu/workspace/dquezada-munoz/Practice/php_arrays.php:35
[21-Feb-2018 01:58:16 UTC] PHP   3. getHand() /home/ubuntu/workspace/dquezada-munoz/Practice/php_arrays.php:32
[21-Feb-2018 01:58:16 UTC] PHP   4. array_pop() /home/ubuntu/workspace/dquezada-munoz/Practice/php_arrays.php:50
[21-Feb-2018 01:58:16 UTC] PHP Warning:  array_pop() expects parameter 1 to be array, null given in /home/ubuntu/workspace/dquezada-munoz/Practice/php_arrays.php on line 50
[21-Feb-2018 01:58:16 UTC] PHP Stack trace:
[21-Feb-2018 01:58:16 UTC] PHP   1. {main}() /home/ubuntu/workspace/dquezada-munoz/Practice/php_arrays.php:0
[21-Feb-2018 01:58:16 UTC] PHP   2. createDeck() /home/ubuntu/workspace/dquezada-munoz/Practice/php_arrays.php:35
[21-Feb-2018 01:58:16 UTC] PHP   3. getHand() /home/ubuntu/workspace/dquezada-munoz/Practice/php_arrays.php:32
[21-Feb-2018 01:58:16 UTC] PHP   4. array_pop() /home/ubuntu/workspace/dquezada-munoz/Practice/php_arrays.php:50
[21-Feb-2018 01:58:16 UTC] PHP Warning:  array_pop() expects parameter 1 to be array, null given in /home/ubuntu/workspace/dquezada-munoz/Practice/php_arrays.php on line 50
[21-Feb-2018 01:58:16 UTC] PHP Stack trace:
[21-Feb-2018 01:58:16 UTC] PHP   1. {main}() /home/ubuntu/workspace/dquezada-munoz/Practice/php_arrays.php:0
[21-Feb-2018 01:58:16 UTC] PHP   2. createDeck() /home/ubuntu/workspace/dquezada-munoz/Practice/php_arrays.php:35
[21-Feb-2018 01:58:16 UTC] PHP   3. getHand() /home/ubuntu/workspace/dquezada-munoz/Practice/php_arrays.php:32
[21-Feb-2018 01:58:16 UTC] PHP   4. array_pop() /home/ubuntu/workspace/dquezada-munoz/Practice/php_arrays.php:50
[21-Feb-2018 01:58:16 UTC] PHP Warning:  array_pop() expects parameter 1 to be array, null given in /home/ubuntu/workspace/dquezada-munoz/Practice/php_arrays.php on line 50
[21-Feb-2018 01:58:16 UTC] PHP Stack trace:
[21-Feb-2018 01:58:16 UTC] PHP   1. {main}() /home/ubuntu/workspace/dquezada-munoz/Practice/php_arrays.php:0
[21-Feb-2018 01:58:16 UTC] PHP   2. createDeck() /home/ubuntu/workspace/dquezada-munoz/Practice/php_arrays.php:35
[21-Feb-2018 01:58:16 UTC] PHP   3. getHand() /home/ubuntu/workspace/dquezada-munoz/Practice/php_arrays.php:32
[21-Feb-2018 01:58:16 UTC] PHP   4. array_pop() /home/ubuntu/workspace/dquezada-munoz/Practice/php_arrays.php:50
[21-Feb-2018 01:58:16 UTC] PHP Warning:  array_pop() expects parameter 1 to be array, null given in /home/ubuntu/workspace/dquezada-munoz/Practice/php_arrays.php on line 50
[21-Feb-2018 01:58:16 UTC] PHP Stack trace:
[21-Feb-2018 01:58:16 UTC] PHP   1. {main}() /home/ubuntu/workspace/dquezada-munoz/Practice/php_arrays.php:0
[21-Feb-2018 01:58:16 UTC] PHP   2. createDeck() /home/ubuntu/workspace/dquezada-munoz/Practice/php_arrays.php:35
[21-Feb-2018 01:58:16 UTC] PHP   3. getHand() /home/ubuntu/workspace/dquezada-munoz/Practice/php_arrays.php:32
[21-Feb-2018 01:58:16 UTC] PHP   4. array_pop() /home/ubuntu/workspace/dquezada-munoz/Practice/php_arrays.php:50
[21-Feb-2018 01:58:16 UTC] PHP Warning:  array_pop() expects parameter 1 to be array, null given in /home/ubuntu/workspace/dquezada-munoz/Practice/php_arrays.php on line 50
[21-Feb-2018 01:58:16 UTC] PHP Stack trace:
[21-Feb-2018 01:58:16 UTC] PHP   1. {main}() /home/ubuntu/workspace/dquezada-munoz/Practice/php_arrays.php:0
[21-Feb-2018 01:58:16 UTC] PHP   2. createDeck() /home/ubuntu/workspace/dquezada-munoz/Practice/php_arrays.php:35
[21-Feb-2018 01:58:16 UTC] PHP   3. getHand() /home/ubuntu/workspace/dquezada-munoz/Practice/php_arrays.php:32
[21-Feb-2018 01:58:16 UTC] PHP   4. array_pop() /home/ubuntu/workspace/dquezada-munoz/Practice/php_arrays.php:50
[21-Feb-2018 01:58:16 UTC] PHP Warning:  array_pop() expects parameter 1 to be array, null given in /home/ubuntu/workspace/dquezada-munoz/Practice/php_arrays.php on line 50
[21-Feb-2018 01:58:16 UTC] PHP Stack trace:
[21-Feb-2018 01:58:16 UTC] PHP   1. {main}() /home/ubuntu/workspace/dquezada-munoz/Practice/php_arrays.php:0
[21-Feb-2018 01:58:16 UTC] PHP   2. createDeck() /home/ubuntu/workspace/dquezada-munoz/Practice/php_arrays.php:35
[21-Feb-2018 01:58:16 UTC] PHP   3. getHand() /home/ubuntu/workspace/dquezada-munoz/Practice/php_arrays.php:32
[21-Feb-2018 01:58:16 UTC] PHP   4. array_pop() /home/ubuntu/workspace/dquezada-munoz/Practice/php_arrays.php:50
[21-Feb-2018 01:58:16 UTC] PHP Warning:  array_pop() expects parameter 1 to be array, null given in /home/ubuntu/workspace/dquezada-munoz/Practice/php_arrays.php on line 50
[21-Feb-2018 01:58:16 UTC] PHP Stack trace:
[21-Feb-2018 01:58:16 UTC] PHP   1. {main}() /home/ubuntu/workspace/dquezada-munoz/Practice/php_arrays.php:0
[21-Feb-2018 01:58:16 UTC] PHP   2. createDeck() /home/ubuntu/workspace/dquezada-munoz/Practice/php_arrays.php:35
[21-Feb-2018 01:58:16 UTC] PHP   3. getHand() /home/ubuntu/workspace/dquezada-munoz/Practice/php_arrays.php:32
[21-Feb-2018 01:58:16 UTC] PHP   4. array_pop() /home/ubuntu/workspace/dquezada-munoz/Practice/php_arrays.php:50
[21-Feb-2018 01:58:16 UTC] PHP Warning:  array_pop() expects parameter 1 to be array, null given in /home/ubuntu/workspace/dquezada-munoz/Practice/php_arrays.php on line 50
[21-Feb-2018 01:58:16 UTC] PHP Stack trace:
[21-Feb-2018 01:58:16 UTC] PHP   1. {main}() /home/ubuntu/workspace/dquezada-munoz/Practice/php_arrays.php:0
[21-Feb-2018 01:58:16 UTC] PHP   2. createDeck() /home/ubuntu/workspace/dquezada-munoz/Practice/php_arrays.php:35
[21-Feb-2018 01:58:16 UTC] PHP   3. getHand() /home/ubuntu/workspace/dquezada-munoz/Practice/php_arrays.php:32
[21-Feb-2018 01:58:16 UTC] PHP   4. array_pop() /home/ubuntu/workspace/dquezada-munoz/Practice/php_arrays.php:50
[21-Feb-2018 01:58:16 UTC] PHP Warning:  array_pop() expects parameter 1 to be array, null given in /home/ubuntu/workspace/dquezada-munoz/Practice/php_arrays.php on line 50
[21-Feb-2018 01:58:16 UTC] PHP Stack trace:
[21-Feb-2018 01:58:16 UTC] PHP   1. {main}() /home/ubuntu/workspace/dquezada-munoz/Practice/php_arrays.php:0
[21-Feb-2018 01:58:16 UTC] PHP   2. createDeck() /home/ubuntu/workspace/dquezada-munoz/Practice/php_arrays.php:35
[21-Feb-2018 01:58:16 UTC] PHP   3. getHand() /home/ubuntu/workspace/dquezada-munoz/Practice/php_arrays.php:32
[21-Feb-2018 01:58:16 UTC] PHP   4. array_pop() /home/ubuntu/workspace/dquezada-munoz/Practice/php_arrays.php:50
[21-Feb-2018 02:07:59 UTC] PHP Parse error:  syntax error, unexpected '.', expecting ']' in /home/ubuntu/workspace/dquezada-munoz/Practice/php_arrays.php on line 65
[21-Feb-2018 17:12:17 UTC] PHP Fatal error:  Call to undefined function start() in /home/ubuntu/workspace/dquezada-munoz/Homework2/index.php on line 11
[21-Feb-2018 17:12:17 UTC] PHP Stack trace:
[21-Feb-2018 17:12:17 UTC] PHP   1. {main}() /home/ubuntu/workspace/dquezada-munoz/Homework2/index.php:0
[21-Feb-2018 17:26:08 UTC] PHP Warning:  array_pop() expects parameter 1 to be array, null given in /home/ubuntu/workspace/dquezada-munoz/Homework2/functions.php on line 42
[21-Feb-2018 17:26:09 UTC] PHP Stack trace:
[21-Feb-2018 17:26:09 UTC] PHP   1. {main}() /home/ubuntu/workspace/dquezada-munoz/Homework2/index.php:0
[21-Feb-2018 17:26:09 UTC] PHP   2. play() /home/ubuntu/workspace/dquezada-munoz/Homework2/index.php:11
[21-Feb-2018 17:26:09 UTC] PHP   3. createDeck() /home/ubuntu/workspace/dquezada-munoz/Homework2/functions.php:5
[21-Feb-2018 17:26:09 UTC] PHP   4. deal() /home/ubuntu/workspace/dquezada-munoz/Homework2/functions.php:20
[21-Feb-2018 17:26:09 UTC] PHP   5. array_pop() /home/ubuntu/workspace/dquezada-munoz/Homework2/functions.php:42
[21-Feb-2018 17:26:09 UTC] PHP Warning:  array_pop() expects parameter 1 to be array, null given in /home/ubuntu/workspace/dquezada-munoz/Homework2/functions.php on line 42
[21-Feb-2018 17:26:09 UTC] PHP Stack trace:
[21-Feb-2018 17:26:09 UTC] PHP   1. {main}() /home/ubuntu/workspace/dquezada-munoz/Homework2/index.php:0
[21-Feb-2018 17:26:09 UTC] PHP   2. play() /home/ubuntu/workspace/dquezada-munoz/Homework2/index.php:11
[21-Feb-2018 17:26:09 UTC] PHP   3. createDeck() /home/ubuntu/workspace/dquezada-munoz/Homework2/functions.php:5
[21-Feb-2018 17:26:09 UTC] PHP   4. deal() /home/ubuntu/workspace/dquezada-munoz/Homework2/functions.php:20
[21-Feb-2018 17:26:09 UTC] PHP   5. array_pop() /home/ubuntu/workspace/dquezada-munoz/Homework2/functions.php:42
[21-Feb-2018 17:26:09 UTC] PHP Warning:  array_pop() expects parameter 1 to be array, null given in /home/ubuntu/workspace/dquezada-munoz/Homework2/functions.php on line 42
[21-Feb-2018 17:26:09 UTC] PHP Stack trace:
[21-Feb-2018 17:26:09 UTC] PHP   1. {main}() /home/ubuntu/workspace/dquezada-munoz/Homework2/index.php:0
[21-Feb-2018 17:26:09 UTC] PHP   2. play() /home/ubuntu/workspace/dquezada-munoz/Homework2/index.php:11
[21-Feb-2018 17:26:09 UTC] PHP   3. createDeck() /home/ubuntu/workspace/dquezada-munoz/Homework2/functions.php:5
[21-Feb-2018 17:26:09 UTC] PHP   4. deal() /home/ubuntu/workspace/dquezada-munoz/Homework2/functions.php:20
[21-Feb-2018 17:26:09 UTC] PHP   5. array_pop() /home/ubuntu/workspace/dquezada-munoz/Homework2/functions.php:42
[21-Feb-2018 17:26:09 UTC] PHP Warning:  array_pop() expects parameter 1 to be array, null given in /home/ubuntu/workspace/dquezada-munoz/Homework2/functions.php on line 42
[21-Feb-2018 17:26:09 UTC] PHP Stack trace:
[21-Feb-2018 17:26:09 UTC] PHP   1. {main}() /home/ubuntu/workspace/dquezada-munoz/Homework2/index.php:0
[21-Feb-2018 17:26:09 UTC] PHP   2. play() /home/ubuntu/workspace/dquezada-munoz/Homework2/index.php:11
[21-Feb-2018 17:26:09 UTC] PHP   3. createDeck() /home/ubuntu/workspace/dquezada-munoz/Homework2/functions.php:5
[21-Feb-2018 17:26:09 UTC] PHP   4. deal() /home/ubuntu/workspace/dquezada-munoz/Homework2/functions.php:20
[21-Feb-2018 17:26:09 UTC] PHP   5. array_pop() /home/ubuntu/workspace/dquezada-munoz/Homework2/functions.php:42
[21-Feb-2018 17:26:09 UTC] PHP Warning:  array_pop() expects parameter 1 to be array, null given in /home/ubuntu/workspace/dquezada-munoz/Homework2/functions.php on line 42
[21-Feb-2018 17:26:09 UTC] PHP Stack trace:
[21-Feb-2018 17:26:09 UTC] PHP   1. {main}() /home/ubuntu/workspace/dquezada-munoz/Homework2/index.php:0
[21-Feb-2018 17:26:09 UTC] PHP   2. play() /home/ubuntu/workspace/dquezada-munoz/Homework2/index.php:11
[21-Feb-2018 17:26:09 UTC] PHP   3. createDeck() /home/ubuntu/workspace/dquezada-munoz/Homework2/functions.php:5
[21-Feb-2018 17:26:09 UTC] PHP   4. deal() /home/ubuntu/workspace/dquezada-munoz/Homework2/functions.php:20
[21-Feb-2018 17:26:09 UTC] PHP   5. array_pop() /home/ubuntu/workspace/dquezada-munoz/Homework2/functions.php:42
[21-Feb-2018 17:26:09 UTC] PHP Warning:  array_pop() expects parameter 1 to be array, null given in /home/ubuntu/workspace/dquezada-munoz/Homework2/functions.php on line 42
[21-Feb-2018 17:26:09 UTC] PHP Stack trace:
[21-Feb-2018 17:26:09 UTC] PHP   1. {main}() /home/ubuntu/workspace/dquezada-munoz/Homework2/index.php:0
[21-Feb-2018 17:26:09 UTC] PHP   2. play() /home/ubuntu/workspace/dquezada-munoz/Homework2/index.php:11
[21-Feb-2018 17:26:09 UTC] PHP   3. createDeck() /home/ubuntu/workspace/dquezada-munoz/Homework2/functions.php:5
[21-Feb-2018 17:26:09 UTC] PHP   4. deal() /home/ubuntu/workspace/dquezada-munoz/Homework2/functions.php:20
[21-Feb-2018 17:26:09 UTC] PHP   5. array_pop() /home/ubuntu/workspace/dquezada-munoz/Homework2/functions.php:42
[21-Feb-2018 19:32:31 UTC] PHP Fatal error:  Call to undefined function displayWinners() in /home/ubuntu/workspace/dquezada-munoz/Homework2/functions.php on line 74
[21-Feb-2018 19:32:31 UTC] PHP Stack trace:
[21-Feb-2018 19:32:31 UTC] PHP   1. {main}() /home/ubuntu/workspace/dquezada-munoz/Homework2/index.php:0
[21-Feb-2018 19:32:31 UTC] PHP   2. play() /home/ubuntu/workspace/dquezada-munoz/Homework2/index.php:13
[21-Feb-2018 19:32:31 UTC] PHP   3. createDeck() /home/ubuntu/workspace/dquezada-munoz/Homework2/functions.php:5
[21-Feb-2018 19:32:31 UTC] PHP   4. deal() /home/ubuntu/workspace/dquezada-munoz/Homework2/functions.php:20
[21-Feb-2018 19:32:31 UTC] PHP   5. displayGame() /home/ubuntu/workspace/dquezada-munoz/Homework2/functions.php:46
[21-Feb-2018 22:48:26 UTC] PHP Parse error:  syntax error, unexpected ':' in /home/ubuntu/workspace/dquezada-munoz/Lab4/index.php on line 12
[21-Feb-2018 23:44:28 UTC] PHP Parse error:  syntax error, unexpected '}' in /home/ubuntu/workspace/dquezada-munoz/Lab4/index.php on line 82
[26-Feb-2018 22:45:35 UTC] PHP Parse error:  syntax error, unexpected ']' in /home/ubuntu/workspace/dquezada-munoz/Lab4/index.php on line 15
[26-Feb-2018 22:45:36 UTC] PHP Parse error:  syntax error, unexpected ']' in /home/ubuntu/workspace/dquezada-munoz/Lab4/index.php on line 15
[12-Mar-2018 21:33:47 UTC] PHP Fatal error:  Uncaught exception 'PDOException' with message 'SQLSTATE[42S02]: Base table or view not found: 1146 Table 'ottermart.om_purchase' doesn't exist' in /home/ubuntu/workspace/dquezada-munoz/Challenge4/reports.php:39
Stack trace:
#0 /home/ubuntu/workspace/dquezada-munoz/Challenge4/reports.php(39): PDOStatement->execute()
#1 {main}
  thrown in /home/ubuntu/workspace/dquezada-munoz/Challenge4/reports.php on line 39
[12-Mar-2018 21:34:32 UTC] PHP Fatal error:  Uncaught exception 'PDOException' with message 'SQLSTATE[42S02]: Base table or view not found: 1146 Table 'ottermart.om_purchase' doesn't exist' in /home/ubuntu/workspace/dquezada-munoz/Challenge4/reports.php:39
Stack trace:
#0 /home/ubuntu/workspace/dquezada-munoz/Challenge4/reports.php(39): PDOStatement->execute()
#1 {main}
  thrown in /home/ubuntu/workspace/dquezada-munoz/Challenge4/reports.php on line 39
[12-Mar-2018 21:35:16 UTC] PHP Fatal error:  Uncaught exception 'PDOException' with message 'SQLSTATE[42S02]: Base table or view not found: 1146 Table 'ottermart.opurchase' doesn't exist' in /home/ubuntu/workspace/dquezada-munoz/Challenge4/reports.php:39
Stack trace:
#0 /home/ubuntu/workspace/dquezada-munoz/Challenge4/reports.php(39): PDOStatement->execute()
#1 {main}
  thrown in /home/ubuntu/workspace/dquezada-munoz/Challenge4/reports.php on line 39
[12-Mar-2018 22:08:40 UTC] PHP Warning:  include(../dbConnection.php): failed to open stream: No such file or directory in /home/ubuntu/workspace/dquezada-munoz/Lab6/index.php on line 4
[12-Mar-2018 22:08:40 UTC] PHP Stack trace:
[12-Mar-2018 22:08:40 UTC] PHP   1. {main}() /home/ubuntu/workspace/dquezada-munoz/Lab6/index.php:0
[12-Mar-2018 22:08:40 UTC] PHP Warning:  include(): Failed opening '../dbConnection.php' for inclusion (include_path='.:/usr/share/php:/usr/share/pear') in /home/ubuntu/workspace/dquezada-munoz/Lab6/index.php on line 4
[12-Mar-2018 22:08:40 UTC] PHP Stack trace:
[12-Mar-2018 22:08:40 UTC] PHP   1. {main}() /home/ubuntu/workspace/dquezada-munoz/Lab6/index.php:0
[12-Mar-2018 22:08:40 UTC] PHP Fatal error:  Call to undefined function getDatabaseConnection() in /home/ubuntu/workspace/dquezada-munoz/Lab6/index.php on line 6
[12-Mar-2018 22:08:40 UTC] PHP Stack trace:
[12-Mar-2018 22:08:40 UTC] PHP   1. {main}() /home/ubuntu/workspace/dquezada-munoz/Lab6/index.php:0
[12-Mar-2018 22:09:03 UTC] PHP Warning:  include(../../dbConnection.php): failed to open stream: No such file or directory in /home/ubuntu/workspace/dquezada-munoz/Lab6/index.php on line 4
[12-Mar-2018 22:09:03 UTC] PHP Stack trace:
[12-Mar-2018 22:09:03 UTC] PHP   1. {main}() /home/ubuntu/workspace/dquezada-munoz/Lab6/index.php:0
[12-Mar-2018 22:09:03 UTC] PHP Warning:  include(): Failed opening '../../dbConnection.php' for inclusion (include_path='.:/usr/share/php:/usr/share/pear') in /home/ubuntu/workspace/dquezada-munoz/Lab6/index.php on line 4
[12-Mar-2018 22:09:03 UTC] PHP Stack trace:
[12-Mar-2018 22:09:03 UTC] PHP   1. {main}() /home/ubuntu/workspace/dquezada-munoz/Lab6/index.php:0
[12-Mar-2018 22:09:03 UTC] PHP Fatal error:  Call to undefined function getDatabaseConnection() in /home/ubuntu/workspace/dquezada-munoz/Lab6/index.php on line 6
[12-Mar-2018 22:09:03 UTC] PHP Stack trace:
[12-Mar-2018 22:09:03 UTC] PHP   1. {main}() /home/ubuntu/workspace/dquezada-munoz/Lab6/index.php:0
[12-Mar-2018 22:09:04 UTC] PHP Warning:  include(../../dbConnection.php): failed to open stream: No such file or directory in /home/ubuntu/workspace/dquezada-munoz/Lab6/index.php on line 4
[12-Mar-2018 22:09:04 UTC] PHP Stack trace:
[12-Mar-2018 22:09:04 UTC] PHP   1. {main}() /home/ubuntu/workspace/dquezada-munoz/Lab6/index.php:0
[12-Mar-2018 22:09:04 UTC] PHP Warning:  include(): Failed opening '../../dbConnection.php' for inclusion (include_path='.:/usr/share/php:/usr/share/pear') in /home/ubuntu/workspace/dquezada-munoz/Lab6/index.php on line 4
[12-Mar-2018 22:09:04 UTC] PHP Stack trace:
[12-Mar-2018 22:09:04 UTC] PHP   1. {main}() /home/ubuntu/workspace/dquezada-munoz/Lab6/index.php:0
[12-Mar-2018 22:09:04 UTC] PHP Fatal error:  Call to undefined function getDatabaseConnection() in /home/ubuntu/workspace/dquezada-munoz/Lab6/index.php on line 6
[12-Mar-2018 22:09:04 UTC] PHP Stack trace:
[12-Mar-2018 22:09:04 UTC] PHP   1. {main}() /home/ubuntu/workspace/dquezada-munoz/Lab6/index.php:0
[12-Mar-2018 22:09:25 UTC] PHP Warning:  include(Practice/dbConnection.php): failed to open stream: No such file or directory in /home/ubuntu/workspace/dquezada-munoz/Lab6/index.php on line 4
[12-Mar-2018 22:09:25 UTC] PHP Stack trace:
[12-Mar-2018 22:09:25 UTC] PHP   1. {main}() /home/ubuntu/workspace/dquezada-munoz/Lab6/index.php:0
[12-Mar-2018 22:09:25 UTC] PHP Warning:  include(): Failed opening 'Practice/dbConnection.php' for inclusion (include_path='.:/usr/share/php:/usr/share/pear') in /home/ubuntu/workspace/dquezada-munoz/Lab6/index.php on line 4
[12-Mar-2018 22:09:25 UTC] PHP Stack trace:
[12-Mar-2018 22:09:25 UTC] PHP   1. {main}() /home/ubuntu/workspace/dquezada-munoz/Lab6/index.php:0
[12-Mar-2018 22:09:25 UTC] PHP Fatal error:  Call to undefined function getDatabaseConnection() in /home/ubuntu/workspace/dquezada-munoz/Lab6/index.php on line 6
[12-Mar-2018 22:09:25 UTC] PHP Stack trace:
[12-Mar-2018 22:09:25 UTC] PHP   1. {main}() /home/ubuntu/workspace/dquezada-munoz/Lab6/index.php:0
[12-Mar-2018 22:22:31 UTC] PHP Fatal error:  Uncaught exception 'PDOException' with message 'SQLSTATE[42S02]: Base table or view not found: 1146 Table 'ottermart.om_product' doesn't exist' in /home/ubuntu/workspace/dquezada-munoz/Lab6/index.php:38
Stack trace:
#0 /home/ubuntu/workspace/dquezada-munoz/Lab6/index.php(38): PDOStatement->execute()
#1 /home/ubuntu/workspace/dquezada-munoz/Lab6/index.php(91): displaySearchResults()
#2 {main}
  thrown in /home/ubuntu/workspace/dquezada-munoz/Lab6/index.php on line 38
[26-Mar-2018 22:24:17 UTC] PHP Warning:  include(../../dbConnection.php): failed to open stream: No such file or directory in /home/ubuntu/workspace/dquezada-munoz/Lab7/logInProcess.php on line 7
[26-Mar-2018 22:24:17 UTC] PHP Stack trace:
[26-Mar-2018 22:24:17 UTC] PHP   1. {main}() /home/ubuntu/workspace/dquezada-munoz/Lab7/logInProcess.php:0
[26-Mar-2018 22:24:17 UTC] PHP Warning:  include(): Failed opening '../../dbConnection.php' for inclusion (include_path='.:/usr/share/php:/usr/share/pear') in /home/ubuntu/workspace/dquezada-munoz/Lab7/logInProcess.php on line 7
[26-Mar-2018 22:24:17 UTC] PHP Stack trace:
[26-Mar-2018 22:24:17 UTC] PHP   1. {main}() /home/ubuntu/workspace/dquezada-munoz/Lab7/logInProcess.php:0
[26-Mar-2018 22:24:17 UTC] PHP Fatal error:  Call to undefined function getDatabaseConnection() in /home/ubuntu/workspace/dquezada-munoz/Lab7/logInProcess.php on line 9
[26-Mar-2018 22:24:17 UTC] PHP Stack trace:
[26-Mar-2018 22:24:17 UTC] PHP   1. {main}() /home/ubuntu/workspace/dquezada-munoz/Lab7/logInProcess.php:0
[26-Mar-2018 22:25:33 UTC] PHP Warning:  include(../../dbConnection.php): failed to open stream: No such file or directory in /home/ubuntu/workspace/dquezada-munoz/Lab7/logInProcess.php on line 7
[26-Mar-2018 22:25:33 UTC] PHP Stack trace:
[26-Mar-2018 22:25:33 UTC] PHP   1. {main}() /home/ubuntu/workspace/dquezada-munoz/Lab7/logInProcess.php:0
[26-Mar-2018 22:25:33 UTC] PHP Warning:  include(): Failed opening '../../dbConnection.php' for inclusion (include_path='.:/usr/share/php:/usr/share/pear') in /home/ubuntu/workspace/dquezada-munoz/Lab7/logInProcess.php on line 7
[26-Mar-2018 22:25:33 UTC] PHP Stack trace:
[26-Mar-2018 22:25:33 UTC] PHP   1. {main}() /home/ubuntu/workspace/dquezada-munoz/Lab7/logInProcess.php:0
[26-Mar-2018 22:25:33 UTC] PHP Fatal error:  Call to undefined function getDatabaseConnection() in /home/ubuntu/workspace/dquezada-munoz/Lab7/logInProcess.php on line 9
[26-Mar-2018 22:25:33 UTC] PHP Stack trace:
[26-Mar-2018 22:25:33 UTC] PHP   1. {main}() /home/ubuntu/workspace/dquezada-munoz/Lab7/logInProcess.php:0
[26-Mar-2018 22:25:40 UTC] PHP Warning:  include(../../dbConnection.php): failed to open stream: No such file or directory in /home/ubuntu/workspace/dquezada-munoz/Lab7/logInProcess.php on line 7
[26-Mar-2018 22:25:40 UTC] PHP Stack trace:
[26-Mar-2018 22:25:40 UTC] PHP   1. {main}() /home/ubuntu/workspace/dquezada-munoz/Lab7/logInProcess.php:0
[26-Mar-2018 22:25:40 UTC] PHP Warning:  include(): Failed opening '../../dbConnection.php' for inclusion (include_path='.:/usr/share/php:/usr/share/pear') in /home/ubuntu/workspace/dquezada-munoz/Lab7/logInProcess.php on line 7
[26-Mar-2018 22:25:40 UTC] PHP Stack trace:
[26-Mar-2018 22:25:40 UTC] PHP   1. {main}() /home/ubuntu/workspace/dquezada-munoz/Lab7/logInProcess.php:0
[26-Mar-2018 22:25:40 UTC] PHP Fatal error:  Call to undefined function getDatabaseConnection() in /home/ubuntu/workspace/dquezada-munoz/Lab7/logInProcess.php on line 9
[26-Mar-2018 22:25:40 UTC] PHP Stack trace:
[26-Mar-2018 22:25:40 UTC] PHP   1. {main}() /home/ubuntu/workspace/dquezada-munoz/Lab7/logInProcess.php:0
[26-Mar-2018 22:25:57 UTC] PHP Fatal error:  Uncaught exception 'PDOException' with message 'SQLSTATE[42S02]: Base table or view not found: 1146 Table 'ottermart.om_admin' doesn't exist' in /home/ubuntu/workspace/dquezada-munoz/Lab7/logInProcess.php:22
Stack trace:
#0 /home/ubuntu/workspace/dquezada-munoz/Lab7/logInProcess.php(22): PDOStatement->execute()
#1 {main}
  thrown in /home/ubuntu/workspace/dquezada-munoz/Lab7/logInProcess.php on line 22
[28-Mar-2018 03:29:40 UTC] PHP Warning:  Illegal string offset 'town_name' in /home/ubuntu/workspace/dquezada-munoz/Practice/practice2.php on line 22
[28-Mar-2018 03:29:40 UTC] PHP Stack trace:
[28-Mar-2018 03:29:40 UTC] PHP   1. {main}() /home/ubuntu/workspace/dquezada-munoz/Practice/practice2.php:0
[28-Mar-2018 03:29:40 UTC] PHP Warning:  Illegal string offset 'town_name' in /home/ubuntu/workspace/dquezada-munoz/Practice/practice2.php on line 22
[28-Mar-2018 03:29:40 UTC] PHP Stack trace:
[28-Mar-2018 03:29:40 UTC] PHP   1. {main}() /home/ubuntu/workspace/dquezada-munoz/Practice/practice2.php:0
[28-Mar-2018 03:31:52 UTC] PHP Warning:  Illegal string offset 'town_name' in /home/ubuntu/workspace/dquezada-munoz/Practice/practice2.php on line 22
[28-Mar-2018 03:31:52 UTC] PHP Stack trace:
[28-Mar-2018 03:31:52 UTC] PHP   1. {main}() /home/ubuntu/workspace/dquezada-munoz/Practice/practice2.php:0
[28-Mar-2018 03:31:52 UTC] PHP Warning:  Illegal string offset 'town_name' in /home/ubuntu/workspace/dquezada-munoz/Practice/practice2.php on line 22
[28-Mar-2018 03:31:52 UTC] PHP Stack trace:
[28-Mar-2018 03:31:52 UTC] PHP   1. {main}() /home/ubuntu/workspace/dquezada-munoz/Practice/practice2.php:0
[28-Mar-2018 03:44:14 UTC] PHP Fatal error:  Uncaught exception 'PDOException' with message 'SQLSTATE[42000]: Syntax error or access violation: 1064 You have an error in your SQL syntax; check the manual that corresponds to your MySQL server version for the right syntax to use near 'on t.county_id = c.county_id' at line 4' in /home/ubuntu/workspace/dquezada-munoz/Practice/practice2.php:33
Stack trace:
#0 /home/ubuntu/workspace/dquezada-munoz/Practice/practice2.php(33): PDOStatement->execute()
#1 {main}
  thrown in /home/ubuntu/workspace/dquezada-munoz/Practice/practice2.php on line 33
[28-Mar-2018 03:49:30 UTC] PHP Fatal error:  Call to undefined function getConnection() in /home/ubuntu/workspace/dquezada-munoz/Practice/practice2.php on line 3
[28-Mar-2018 03:49:30 UTC] PHP Stack trace:
[28-Mar-2018 03:49:30 UTC] PHP   1. {main}() /home/ubuntu/workspace/dquezada-munoz/Practice/practice2.php:0
[28-Mar-2018 03:49:31 UTC] PHP Fatal error:  Call to undefined function getConnection() in /home/ubuntu/workspace/dquezada-munoz/Practice/practice2.php on line 3
[28-Mar-2018 03:49:31 UTC] PHP Stack trace:
[28-Mar-2018 03:49:31 UTC] PHP   1. {main}() /home/ubuntu/workspace/dquezada-munoz/Practice/practice2.php:0
[28-Mar-2018 03:49:33 UTC] PHP Fatal error:  Call to undefined function getConnection() in /home/ubuntu/workspace/dquezada-munoz/Practice/practice2.php on line 3
[28-Mar-2018 03:49:33 UTC] PHP Stack trace:
[28-Mar-2018 03:49:33 UTC] PHP   1. {main}() /home/ubuntu/workspace/dquezada-munoz/Practice/practice2.php:0
[28-Mar-2018 03:50:00 UTC] PHP Fatal error:  Call to undefined function getConnection() in /home/ubuntu/workspace/dquezada-munoz/Practice/practice2.php on line 3
[28-Mar-2018 03:50:00 UTC] PHP Stack trace:
[28-Mar-2018 03:50:00 UTC] PHP   1. {main}() /home/ubuntu/workspace/dquezada-munoz/Practice/practice2.php:0
[28-Mar-2018 03:50:01 UTC] PHP Fatal error:  Call to undefined function getConnection() in /home/ubuntu/workspace/dquezada-munoz/Practice/practice2.php on line 3
[28-Mar-2018 03:50:01 UTC] PHP Stack trace:
[28-Mar-2018 03:50:01 UTC] PHP   1. {main}() /home/ubuntu/workspace/dquezada-munoz/Practice/practice2.php:0
[28-Mar-2018 03:50:17 UTC] PHP Warning:  include(../dbConnection.php): failed to open stream: No such file or directory in /home/ubuntu/workspace/dquezada-munoz/Practice/practice2.php on line 2
[28-Mar-2018 03:50:17 UTC] PHP Stack trace:
[28-Mar-2018 03:50:17 UTC] PHP   1. {main}() /home/ubuntu/workspace/dquezada-munoz/Practice/practice2.php:0
[28-Mar-2018 03:50:17 UTC] PHP Warning:  include(): Failed opening '../dbConnection.php' for inclusion (include_path='.:/usr/share/php:/usr/share/pear') in /home/ubuntu/workspace/dquezada-munoz/Practice/practice2.php on line 2
[28-Mar-2018 03:50:17 UTC] PHP Stack trace:
[28-Mar-2018 03:50:17 UTC] PHP   1. {main}() /home/ubuntu/workspace/dquezada-munoz/Practice/practice2.php:0
[28-Mar-2018 03:50:17 UTC] PHP Fatal error:  Call to undefined function getConnection() in /home/ubuntu/workspace/dquezada-munoz/Practice/practice2.php on line 3
[28-Mar-2018 03:50:17 UTC] PHP Stack trace:
[28-Mar-2018 03:50:17 UTC] PHP   1. {main}() /home/ubuntu/workspace/dquezada-munoz/Practice/practice2.php:0
[28-Mar-2018 03:50:42 UTC] PHP Fatal error:  Call to undefined function getConnection() in /home/ubuntu/workspace/dquezada-munoz/Practice/practice2.php on line 3
[28-Mar-2018 03:50:42 UTC] PHP Stack trace:
[28-Mar-2018 03:50:42 UTC] PHP   1. {main}() /home/ubuntu/workspace/dquezada-munoz/Practice/practice2.php:0
[28-Mar-2018 03:50:43 UTC] PHP Fatal error:  Call to undefined function getConnection() in /home/ubuntu/workspace/dquezada-munoz/Practice/practice2.php on line 3
[28-Mar-2018 03:50:43 UTC] PHP Stack trace:
[28-Mar-2018 03:50:43 UTC] PHP   1. {main}() /home/ubuntu/workspace/dquezada-munoz/Practice/practice2.php:0
[28-Mar-2018 03:51:13 UTC] PHP Fatal error:  Uncaught exception 'PDOException' with message 'SQLSTATE[3D000]: Invalid catalog name: 1046 No database selected' in /home/ubuntu/workspace/dquezada-munoz/Practice/practice2.php:12
Stack trace:
#0 /home/ubuntu/workspace/dquezada-munoz/Practice/practice2.php(12): PDO->query('SELECT town_nam...')
#1 {main}
  thrown in /home/ubuntu/workspace/dquezada-munoz/Practice/practice2.php on line 12
[28-Mar-2018 03:51:19 UTC] PHP Fatal error:  Uncaught exception 'PDOException' with message 'SQLSTATE[3D000]: Invalid catalog name: 1046 No database selected' in /home/ubuntu/workspace/dquezada-munoz/Practice/practice2.php:12
Stack trace:
#0 /home/ubuntu/workspace/dquezada-munoz/Practice/practice2.php(12): PDO->query('SELECT town_nam...')
#1 {main}
  thrown in /home/ubuntu/workspace/dquezada-munoz/Practice/practice2.php on line 12
[28-Mar-2018 03:52:27 UTC] PHP Fatal error:  Uncaught exception 'PDOException' with message 'SQLSTATE[42000]: Syntax error or access violation: 1064 You have an error in your SQL syntax; check the manual that corresponds to your MySQL server version for the right syntax to use near 'on t.county_id = c.county_id' at line 4' in /home/ubuntu/workspace/dquezada-munoz/Practice/practice2.php:50
Stack trace:
#0 /home/ubuntu/workspace/dquezada-munoz/Practice/practice2.php(50): PDOStatement->execute()
#1 {main}
  thrown in /home/ubuntu/workspace/dquezada-munoz/Practice/practice2.php on line 50
[28-Mar-2018 03:52:28 UTC] PHP Fatal error:  Uncaught exception 'PDOException' with message 'SQLSTATE[42000]: Syntax error or access violation: 1064 You have an error in your SQL syntax; check the manual that corresponds to your MySQL server version for the right syntax to use near 'on t.county_id = c.county_id' at line 4' in /home/ubuntu/workspace/dquezada-munoz/Practice/practice2.php:50
Stack trace:
#0 /home/ubuntu/workspace/dquezada-munoz/Practice/practice2.php(50): PDOStatement->execute()
#1 {main}
  thrown in /home/ubuntu/workspace/dquezada-munoz/Practice/practice2.php on line 50
[28-Mar-2018 03:58:25 UTC] PHP Parse error:  syntax error, unexpected '' (T_ENCAPSED_AND_WHITESPACE), expecting identifier (T_STRING) or variable (T_VARIABLE) or number (T_NUM_STRING) in /home/ubuntu/workspace/dquezada-munoz/Practice/practice2.php on line 31
[28-Mar-2018 03:58:41 UTC] PHP Fatal error:  Uncaught exception 'PDOException' with message 'SQLSTATE[42S22]: Column not found: 1054 Unknown column 't.county_name' in 'on clause'' in /home/ubuntu/workspace/dquezada-munoz/Practice/practice2.php:27
Stack trace:
#0 /home/ubuntu/workspace/dquezada-munoz/Practice/practice2.php(27): PDO->query('SELECT town_nam...')
#1 {main}
  thrown in /home/ubuntu/workspace/dquezada-munoz/Practice/practice2.php on line 27
[28-Mar-2018 03:59:06 UTC] PHP Fatal error:  Uncaught exception 'PDOException' with message 'SQLSTATE[42000]: Syntax error or access violation: 1064 You have an error in your SQL syntax; check the manual that corresponds to your MySQL server version for the right syntax to use near 'on t.county_id = c.county_id' at line 4' in /home/ubuntu/workspace/dquezada-munoz/Practice/practice2.php:65
Stack trace:
#0 /home/ubuntu/workspace/dquezada-munoz/Practice/practice2.php(65): PDOStatement->execute()
#1 {main}
  thrown in /home/ubuntu/workspace/dquezada-munoz/Practice/practice2.php on line 65
